2015-10-28 08:53:10,212 [10] DEBUG StaticLogger.Logger - user ID:1 vladg@gmail.com logged in
2015-10-28 08:53:10,539 [11] DEBUG StaticLogger.Logger - newsfeed page displayed for user 1 vladg@gmail.com
2015-10-28 08:53:12,414 [11] DEBUG StaticLogger.Logger - newsfeed page displayed for user 1 vladg@gmail.com
2015-10-28 08:53:13,795 [11] DEBUG StaticLogger.Logger - all users are displayed for ID:1 vladg@gmail.com
2015-10-28 08:53:15,140 [10] DEBUG StaticLogger.Logger - user 1 vladg@gmail.com entered on his userpage
2015-10-28 08:53:19,328 [10] DEBUG StaticLogger.Logger - user  ID:1 vladg@gmail.com has entered on his own profile
2015-10-28 08:53:29,611 [10] DEBUG StaticLogger.Logger - all users are displayed for ID:1 vladg@gmail.com
2015-10-28 08:53:30,190 [12] DEBUG StaticLogger.Logger - user 1 vladg@gmail.com entered on his userpage
2015-10-28 08:53:33,891 [11] DEBUG StaticLogger.Logger - newsfeed page displayed for user 1 vladg@gmail.com
2015-10-28 08:53:34,813 [12] DEBUG StaticLogger.Logger - newsfeed page displayed for user 1 vladg@gmail.com
2015-10-28 08:53:39,012 [10] DEBUG StaticLogger.Logger - all users are displayed for ID:1 vladg@gmail.com
2015-10-28 08:53:42,162 [11] DEBUG StaticLogger.Logger - user 1 vladg@gmail.com entered on his userpage
2015-10-28 08:53:43,072 [12] DEBUG StaticLogger.Logger - all users are displayed for ID:1 vladg@gmail.com
2015-10-28 08:53:43,694 [8] DEBUG StaticLogger.Logger - newsfeed page displayed for user 1 vladg@gmail.com
2015-10-28 08:53:45,767 [10] DEBUG StaticLogger.Logger - user  ID:1 vladg@gmail.com has entered on his own profile
2015-10-28 08:53:49,890 [10] DEBUG StaticLogger.Logger - all users are displayed for ID:1 vladg@gmail.com
2015-10-28 08:53:51,302 [12] DEBUG StaticLogger.Logger - information about user ID:2 serghei@gmail.com are displayed
2015-10-28 08:53:55,345 [10] DEBUG StaticLogger.Logger - newsfeed page displayed for user 1 vladg@gmail.com
2015-10-28 08:53:57,500 [10] DEBUG StaticLogger.Logger - all users are displayed for ID:1 vladg@gmail.com
2015-10-28 08:53:58,340 [12] DEBUG StaticLogger.Logger - user 1 vladg@gmail.com entered on his userpage
2015-10-28 08:54:00,865 [8] DEBUG StaticLogger.Logger - all users are displayed for ID:1 vladg@gmail.com
2015-10-28 08:54:01,916 [12] DEBUG StaticLogger.Logger - information about user ID:4 daniela@gmail.com are displayed
2015-10-28 08:55:13,641 [11] DEBUG StaticLogger.Logger - A new follow pair created with publisherId 4 and subscriberId 1
2015-10-28 08:55:13,641 [11] DEBUG StaticLogger.Logger - user ID:1 now follows user ID:4
2015-10-28 08:55:14,989 [12] DEBUG StaticLogger.Logger - A new follow pair deleted with publisherId 4 and subscriberId 1
2015-10-28 08:55:16,264 [10] DEBUG StaticLogger.Logger - A new follow pair created with publisherId 4 and subscriberId 1
2015-10-28 08:55:16,264 [10] DEBUG StaticLogger.Logger - user ID:1 now follows user ID:4
2015-10-28 08:55:16,862 [10] DEBUG StaticLogger.Logger - A new follow pair deleted with publisherId 4 and subscriberId 1
2015-10-28 08:55:53,075 [12] DEBUG StaticLogger.Logger - information about user ID:4 daniela@gmail.com are displayed
2015-10-28 08:55:55,527 [10] DEBUG StaticLogger.Logger - A new follow pair created with publisherId 4 and subscriberId 1
2015-10-28 08:55:55,527 [10] DEBUG StaticLogger.Logger - user ID:1 now follows user ID:4
2015-10-28 08:55:56,275 [12] DEBUG StaticLogger.Logger - A new follow pair deleted with publisherId 4 and subscriberId 1
2015-10-28 08:55:56,836 [11] DEBUG StaticLogger.Logger - A new follow pair created with publisherId 4 and subscriberId 1
2015-10-28 08:55:56,836 [11] DEBUG StaticLogger.Logger - user ID:1 now follows user ID:4
2015-10-28 08:55:57,408 [12] DEBUG StaticLogger.Logger - A new follow pair deleted with publisherId 4 and subscriberId 1
2015-10-28 08:56:02,903 [15] DEBUG StaticLogger.Logger - information about user ID:4 daniela@gmail.com are displayed
2015-10-28 08:56:05,123 [10] DEBUG StaticLogger.Logger - A new follow pair created with publisherId 4 and subscriberId 1
2015-10-28 08:56:05,123 [10] DEBUG StaticLogger.Logger - user ID:1 now follows user ID:4
2015-10-28 08:56:09,493 [10] DEBUG StaticLogger.Logger - A new follow pair deleted with publisherId 4 and subscriberId 1
2015-10-28 08:57:49,068 [10] DEBUG StaticLogger.Logger - A new follow pair created with publisherId 4 and subscriberId 1
2015-10-28 08:57:49,068 [10] DEBUG StaticLogger.Logger - user ID:1 now follows user ID:4
2015-10-28 08:57:56,320 [10] DEBUG StaticLogger.Logger - A new follow pair deleted with publisherId 4 and subscriberId 1
2015-10-28 08:58:01,041 [10] DEBUG StaticLogger.Logger - A new follow pair created with publisherId 4 and subscriberId 1
2015-10-28 08:58:01,041 [10] DEBUG StaticLogger.Logger - user ID:1 now follows user ID:4
2015-10-28 08:58:06,745 [10] DEBUG StaticLogger.Logger - A new follow pair deleted with publisherId 4 and subscriberId 1
2015-10-28 08:58:08,569 [10] DEBUG StaticLogger.Logger - A new follow pair created with publisherId 4 and subscriberId 1
2015-10-28 08:58:08,569 [10] DEBUG StaticLogger.Logger - user ID:1 now follows user ID:4
2015-10-28 08:58:48,679 [11] DEBUG StaticLogger.Logger - newsfeed page displayed for user 1 vladg@gmail.com
2015-10-28 08:58:50,552 [11] DEBUG StaticLogger.Logger - all users are displayed for ID:1 vladg@gmail.com
2015-10-28 08:58:52,196 [20] DEBUG StaticLogger.Logger - all users are displayed for ID:1 vladg@gmail.com
2015-10-28 08:58:52,907 [17] DEBUG StaticLogger.Logger - information about user ID:3 vpicireanu@endava.net are displayed
2015-10-28 08:58:54,094 [17] DEBUG StaticLogger.Logger - A new follow pair deleted with publisherId 3 and subscriberId 1
2015-10-28 08:58:54,714 [19] DEBUG StaticLogger.Logger - A new follow pair created with publisherId 3 and subscriberId 1
2015-10-28 08:58:54,714 [19] DEBUG StaticLogger.Logger - user ID:1 now follows user ID:3
2015-10-28 08:58:55,399 [17] DEBUG StaticLogger.Logger - A new follow pair deleted with publisherId 3 and subscriberId 1
2015-10-28 08:58:55,954 [19] DEBUG StaticLogger.Logger - A new follow pair created with publisherId 3 and subscriberId 1
2015-10-28 08:58:55,954 [19] DEBUG StaticLogger.Logger - user ID:1 now follows user ID:3
2015-10-28 08:59:01,297 [17] DEBUG StaticLogger.Logger - A new follow pair deleted with publisherId 3 and subscriberId 1
2015-10-28 08:59:02,093 [19] DEBUG StaticLogger.Logger - A new follow pair created with publisherId 3 and subscriberId 1
2015-10-28 08:59:02,093 [19] DEBUG StaticLogger.Logger - user ID:1 now follows user ID:3
2015-10-28 08:59:02,956 [17] DEBUG StaticLogger.Logger - A new follow pair deleted with publisherId 3 and subscriberId 1
2015-10-28 08:59:03,481 [19] DEBUG StaticLogger.Logger - A new follow pair created with publisherId 3 and subscriberId 1
2015-10-28 08:59:03,481 [19] DEBUG StaticLogger.Logger - user ID:1 now follows user ID:3
2015-10-28 08:59:32,922 [19] DEBUG StaticLogger.Logger - information about user ID:3 vpicireanu@endava.net are displayed
2015-10-28 08:59:35,405 [17] DEBUG StaticLogger.Logger - A new follow pair deleted with publisherId 3 and subscriberId 1
2015-10-28 08:59:35,956 [20] DEBUG StaticLogger.Logger - A new follow pair created with publisherId 3 and subscriberId 1
2015-10-28 08:59:35,956 [20] DEBUG StaticLogger.Logger - user ID:1 now follows user ID:3
2015-10-28 08:59:36,371 [19] DEBUG StaticLogger.Logger - A new follow pair deleted with publisherId 3 and subscriberId 1
2015-10-28 08:59:36,798 [20] DEBUG StaticLogger.Logger - A new follow pair created with publisherId 3 and subscriberId 1
2015-10-28 08:59:36,798 [20] DEBUG StaticLogger.Logger - user ID:1 now follows user ID:3
2015-10-28 08:59:37,453 [17] DEBUG StaticLogger.Logger - A new follow pair deleted with publisherId 3 and subscriberId 1
2015-10-28 08:59:46,459 [21] DEBUG StaticLogger.Logger - information about user ID:3 vpicireanu@endava.net are displayed
2015-10-28 08:59:48,661 [20] DEBUG StaticLogger.Logger - A new follow pair created with publisherId 3 and subscriberId 1
2015-10-28 08:59:48,661 [20] DEBUG StaticLogger.Logger - user ID:1 now follows user ID:3
2015-10-28 08:59:49,152 [21] DEBUG StaticLogger.Logger - A new follow pair deleted with publisherId 3 and subscriberId 1
2015-10-28 08:59:49,563 [20] DEBUG StaticLogger.Logger - A new follow pair created with publisherId 3 and subscriberId 1
2015-10-28 08:59:49,563 [20] DEBUG StaticLogger.Logger - user ID:1 now follows user ID:3
2015-10-28 08:59:49,924 [21] DEBUG StaticLogger.Logger - A new follow pair deleted with publisherId 3 and subscriberId 1
2015-10-28 08:59:51,411 [19] DEBUG StaticLogger.Logger - A new follow pair created with publisherId 3 and subscriberId 1
2015-10-28 08:59:51,412 [19] DEBUG StaticLogger.Logger - user ID:1 now follows user ID:3
2015-10-28 08:59:53,393 [19] DEBUG StaticLogger.Logger - A new follow pair deleted with publisherId 3 and subscriberId 1
2015-10-28 08:59:54,497 [19] DEBUG StaticLogger.Logger - A new follow pair created with publisherId 3 and subscriberId 1
2015-10-28 08:59:54,497 [19] DEBUG StaticLogger.Logger - user ID:1 now follows user ID:3
2015-10-28 08:59:55,382 [21] DEBUG StaticLogger.Logger - user 1 vladg@gmail.com entered on his userpage
2015-10-28 08:59:57,602 [19] DEBUG StaticLogger.Logger - newsfeed page displayed for user 1 vladg@gmail.com
2015-10-28 08:59:59,390 [19] DEBUG StaticLogger.Logger - user  ID:1 vladg@gmail.com has entered on his own profile
2015-10-28 12:05:40,927 [47] DEBUG StaticLogger.Logger - newsfeed page displayed for user 1 vladg@gmail.com
2015-10-28 12:05:45,435 [46] DEBUG StaticLogger.Logger - user  ID:1 vladg@gmail.com has entered on his own profile
2015-10-28 12:05:58,453 [45] DEBUG StaticLogger.Logger - user 1 vladg@gmail.com entered on his userpage
2015-10-28 12:06:00,280 [47] DEBUG StaticLogger.Logger - all users are displayed for ID:1 vladg@gmail.com
2015-10-28 12:06:02,273 [39] DEBUG StaticLogger.Logger - newsfeed page displayed for user 1 vladg@gmail.com
2015-10-28 12:06:03,507 [39] DEBUG StaticLogger.Logger - all users are displayed for ID:1 vladg@gmail.com
2015-10-28 12:06:04,482 [39] DEBUG StaticLogger.Logger - newsfeed page displayed for user 1 vladg@gmail.com
2015-10-28 12:06:05,021 [46] DEBUG StaticLogger.Logger - user 1 vladg@gmail.com entered on his userpage
2015-10-28 12:06:08,184 [45] DEBUG StaticLogger.Logger - all users are displayed for ID:1 vladg@gmail.com
2015-10-28 12:06:09,541 [39] DEBUG StaticLogger.Logger - information about user ID:2 serghei@gmail.com are displayed
2015-10-28 12:06:10,721 [46] DEBUG StaticLogger.Logger - A new follow pair created with publisherId 2 and subscriberId 1
2015-10-28 12:06:10,721 [46] DEBUG StaticLogger.Logger - user ID:1 now follows user ID:2
2015-10-28 12:06:11,195 [39] DEBUG StaticLogger.Logger - A new follow pair deleted with publisherId 2 and subscriberId 1
2015-10-28 12:06:11,628 [46] DEBUG StaticLogger.Logger - A new follow pair created with publisherId 2 and subscriberId 1
2015-10-28 12:06:11,628 [46] DEBUG StaticLogger.Logger - user ID:1 now follows user ID:2
2015-10-28 12:06:12,265 [45] DEBUG StaticLogger.Logger - A new follow pair deleted with publisherId 2 and subscriberId 1
2015-10-28 12:06:13,337 [39] DEBUG StaticLogger.Logger - information about user ID:2 serghei@gmail.com are displayed
2015-10-28 12:06:15,193 [39] DEBUG StaticLogger.Logger - A new follow pair created with publisherId 2 and subscriberId 1
2015-10-28 12:06:15,193 [39] DEBUG StaticLogger.Logger - user ID:1 now follows user ID:2
2015-10-28 12:06:17,488 [39] DEBUG StaticLogger.Logger - information about user ID:2 serghei@gmail.com are displayed
2015-10-28 12:06:19,087 [39] DEBUG StaticLogger.Logger - all users are displayed for ID:1 vladg@gmail.com
2015-10-28 12:06:19,852 [47] DEBUG StaticLogger.Logger - newsfeed page displayed for user 1 vladg@gmail.com
2015-10-28 12:06:20,961 [45] DEBUG StaticLogger.Logger - user 1 vladg@gmail.com entered on his userpage
2015-10-28 12:06:23,438 [45] DEBUG StaticLogger.Logger - newsfeed page displayed for user 1 vladg@gmail.com
2015-10-28 12:07:30,487 [8] DEBUG StaticLogger.Logger - user  ID:1 vladg@gmail.com has entered on his own profile
2015-10-28 12:07:53,009 [8] DEBUG StaticLogger.Logger - all users are displayed for ID:1 vladg@gmail.com
2015-10-28 12:07:54,498 [39] DEBUG StaticLogger.Logger - information about user ID:2 serghei@gmail.com are displayed
2015-10-28 12:07:59,935 [39] DEBUG StaticLogger.Logger - user 1 vladg@gmail.com entered on his userpage
2015-10-28 12:08:01,598 [45] DEBUG StaticLogger.Logger - newsfeed page displayed for user 1 vladg@gmail.com
2015-10-28 12:08:02,172 [47] DEBUG StaticLogger.Logger - newsfeed page displayed for user 1 vladg@gmail.com
2015-10-28 12:08:06,222 [39] DEBUG StaticLogger.Logger - user ID:1 vladg@gmail.com logged out
2015-10-28 15:15:16,872 [87] DEBUG StaticLogger.Logger - user ID:1 vladg@gmail.com logged in
2015-10-28 15:15:18,446 [84] DEBUG StaticLogger.Logger - newsfeed page displayed for user 1 vladg@gmail.com
2015-10-28 15:16:45,995 [87] DEBUG StaticLogger.Logger - user ID:1 vladg@gmail.com logged in
2015-10-28 15:16:46,178 [86] DEBUG StaticLogger.Logger - newsfeed page displayed for user 1 vladg@gmail.com
2015-10-28 16:05:45,583 [11] DEBUG StaticLogger.Logger - user ID:1 vladg@gmail.com logged in
2015-10-28 16:05:45,849 [10] DEBUG StaticLogger.Logger - newsfeed page displayed for user 1 vladg@gmail.com
2015-10-28 16:05:52,629 [10] DEBUG StaticLogger.Logger - all users are displayed for ID:1 vladg@gmail.com
2015-10-28 16:05:56,050 [10] DEBUG StaticLogger.Logger - information about user ID:4 daniela@gmail.com are displayed
2015-10-28 16:05:58,526 [10] DEBUG StaticLogger.Logger - user 1 vladg@gmail.com entered on his userpage
2015-10-28 16:06:01,173 [10] DEBUG StaticLogger.Logger - newsfeed page displayed for user 1 vladg@gmail.com
2015-10-28 16:06:02,493 [12] DEBUG StaticLogger.Logger - user  ID:1 vladg@gmail.com has entered on his own profile
2015-10-28 16:06:05,142 [10] DEBUG StaticLogger.Logger - newsfeed page displayed for user 1 vladg@gmail.com
2015-10-28 16:06:05,428 [13] DEBUG StaticLogger.Logger - all users are displayed for ID:1 vladg@gmail.com
2015-10-28 16:06:06,174 [10] DEBUG StaticLogger.Logger - user 1 vladg@gmail.com entered on his userpage
2015-10-28 16:06:08,299 [10] DEBUG StaticLogger.Logger - newsfeed page displayed for user 1 vladg@gmail.com
2015-10-28 17:24:02,316 [54] DEBUG StaticLogger.Logger - new user ID:118 test@mail.com was added successfully
2015-10-28 17:24:02,371 [54] DEBUG StaticLogger.Logger - new user test@mail.com has registered
2015-10-28 17:25:44,181 [61] DEBUG StaticLogger.Logger - new user ID:119 test@mail.com was added successfully
2015-10-28 17:25:44,182 [61] DEBUG StaticLogger.Logger - new user test@mail.com has registered
2015-10-28 17:25:45,642 [53] DEBUG StaticLogger.Logger - user ID:119 test@mail.com logged in
2015-10-28 17:25:46,004 [60] DEBUG StaticLogger.Logger - newsfeed page displayed for user 119 test@mail.com
2015-10-28 17:25:47,632 [53] DEBUG StaticLogger.Logger - all users are displayed for ID:119 test@mail.com
2015-10-28 17:34:04,742 [65] DEBUG StaticLogger.Logger - new user ID:120 test@mail.com was added successfully
2015-10-28 17:34:04,742 [65] DEBUG StaticLogger.Logger - new user test@mail.com has registered
2015-10-28 17:34:06,558 [63] DEBUG StaticLogger.Logger - user ID:120 test@mail.com logged in
2015-10-28 17:34:06,600 [65] DEBUG StaticLogger.Logger - newsfeed page displayed for user 120 test@mail.com
2015-10-28 17:36:08,312 [63] DEBUG StaticLogger.Logger - new user ID:121 test@mail.com was added successfully
2015-10-28 17:36:08,312 [63] DEBUG StaticLogger.Logger - new user test@mail.com has registered
2015-10-28 17:36:10,096 [62] DEBUG StaticLogger.Logger - user ID:121 test@mail.com logged in
2015-10-28 17:36:10,158 [61] DEBUG StaticLogger.Logger - newsfeed page displayed for user 121 test@mail.com
2015-10-28 17:45:55,483 [78] DEBUG StaticLogger.Logger - new user ID:122 test2@mail.com was added successfully
2015-10-28 17:45:55,490 [78] DEBUG StaticLogger.Logger - new user test2@mail.com has registered
2015-10-28 17:45:56,841 [77] DEBUG StaticLogger.Logger - user ID:122 test2@mail.com logged in
2015-10-28 17:45:59,450 [76] DEBUG StaticLogger.Logger - newsfeed page displayed for user 122 test2@mail.com
2015-10-28 17:46:01,142 [77] DEBUG StaticLogger.Logger - all users are displayed for ID:122 test2@mail.com
2015-10-28 17:47:53,667 [74] DEBUG StaticLogger.Logger - new user ID:123 test2@mail.com was added successfully
2015-10-28 17:47:53,667 [74] DEBUG StaticLogger.Logger - new user test2@mail.com has registered
2015-10-28 17:47:55,082 [74] DEBUG StaticLogger.Logger - user ID:123 test2@mail.com logged in
2015-10-28 17:47:55,178 [77] DEBUG StaticLogger.Logger - newsfeed page displayed for user 123 test2@mail.com
2015-10-28 17:49:31,463 [78] DEBUG StaticLogger.Logger - user ID:1 vladg@gmail.com logged in
2015-10-28 17:49:31,597 [72] DEBUG StaticLogger.Logger - newsfeed page displayed for user 1 vladg@gmail.com
2015-10-28 17:49:51,044 [77] DEBUG StaticLogger.Logger - all users are displayed for ID:1 vladg@gmail.com
2015-10-28 17:53:07,492 [72] DEBUG StaticLogger.Logger - new user ID:124 test2@mail.com was added successfully
2015-10-28 17:53:07,492 [72] DEBUG StaticLogger.Logger - new user test2@mail.com has registered
2015-10-28 17:53:08,821 [72] DEBUG StaticLogger.Logger - user ID:124 test2@mail.com logged in
2015-10-28 17:53:08,836 [69] DEBUG StaticLogger.Logger - newsfeed page displayed for user 124 test2@mail.com
2015-10-28 17:55:27,959 [72] DEBUG StaticLogger.Logger - newsfeed page displayed for user 1 vladg@gmail.com
2015-10-28 17:58:18,395 [74] DEBUG StaticLogger.Logger - new user ID:125 test2@mail.com was added successfully
2015-10-28 17:58:18,395 [74] DEBUG StaticLogger.Logger - new user test2@mail.com has registered
2015-10-28 17:58:19,708 [74] DEBUG StaticLogger.Logger - user ID:125 test2@mail.com logged in
2015-10-28 17:58:19,721 [69] DEBUG StaticLogger.Logger - newsfeed page displayed for user 125 test2@mail.com
2015-10-28 17:58:34,233 [72] DEBUG StaticLogger.Logger - all users are displayed for ID:125 test2@mail.com
2015-10-28 18:00:12,160 [67] DEBUG StaticLogger.Logger - new user ID:126 test2@mail.com was added successfully
2015-10-28 18:00:12,160 [67] DEBUG StaticLogger.Logger - new user test2@mail.com has registered
2015-10-28 18:00:13,666 [64] DEBUG StaticLogger.Logger - user ID:126 test2@mail.com logged in
2015-10-28 18:00:13,683 [74] DEBUG StaticLogger.Logger - newsfeed page displayed for user 126 test2@mail.com
2015-10-28 18:00:33,352 [72] DEBUG StaticLogger.Logger - all users are displayed for ID:126 test2@mail.com
2015-10-28 18:00:34,735 [67] DEBUG StaticLogger.Logger - newsfeed page displayed for user 126 test2@mail.com
2015-10-28 18:00:37,272 [65] DEBUG StaticLogger.Logger - user 126 test2@mail.com entered on his userpage
2015-10-28 18:00:38,051 [72] DEBUG StaticLogger.Logger - newsfeed page displayed for user 126 test2@mail.com
2015-10-28 18:01:10,363 [67] DEBUG StaticLogger.Logger - newsfeed page displayed for user 1 vladg@gmail.com
2015-10-28 18:02:06,116 [64] DEBUG StaticLogger.Logger - newsfeed page displayed for user 1 vladg@gmail.com
2015-10-28 18:02:42,945 [74] DEBUG StaticLogger.Logger - newsfeed page displayed for user 1 vladg@gmail.com
2015-10-28 18:03:23,328 [74] DEBUG StaticLogger.Logger - newsfeed page displayed for user 1 vladg@gmail.com
2015-10-28 18:03:24,329 [67] DEBUG StaticLogger.Logger - newsfeed page displayed for user 1 vladg@gmail.com
2015-10-28 18:03:25,830 [74] DEBUG StaticLogger.Logger - all users are displayed for ID:1 vladg@gmail.com
2015-10-28 18:03:26,696 [67] DEBUG StaticLogger.Logger - newsfeed page displayed for user 1 vladg@gmail.com
2015-10-28 18:05:22,444 [67] DEBUG StaticLogger.Logger - newsfeed page displayed for user 1 vladg@gmail.com
2015-10-28 18:05:32,269 [65] DEBUG StaticLogger.Logger - newsfeed page displayed for user 1 vladg@gmail.com
2015-10-28 18:05:34,075 [74] DEBUG StaticLogger.Logger - user ID:1 vladg@gmail.com added a new tweet ID:269
2015-10-28 18:05:34,075 [74] DEBUG StaticLogger.Logger - user ID:1 vladg@gmail.com added new tweet from newsfeed page
2015-10-28 18:05:35,228 [59] DEBUG StaticLogger.Logger - user ID:1 vladg@gmail.com added a new tweet ID:270
2015-10-28 18:05:35,228 [59] DEBUG StaticLogger.Logger - user ID:1 vladg@gmail.com added new tweet from newsfeed page
2015-10-28 18:06:01,252 [63] DEBUG StaticLogger.Logger - newsfeed page displayed for user 1 vladg@gmail.com
2015-10-28 18:06:02,831 [67] DEBUG StaticLogger.Logger - user ID:1 vladg@gmail.com added a new tweet ID:271
2015-10-28 18:06:02,831 [67] DEBUG StaticLogger.Logger - user ID:1 vladg@gmail.com added new tweet from newsfeed page
2015-10-28 18:06:03,765 [65] DEBUG StaticLogger.Logger - user ID:1 vladg@gmail.com added a new tweet ID:272
2015-10-28 18:06:03,765 [65] DEBUG StaticLogger.Logger - user ID:1 vladg@gmail.com added new tweet from newsfeed page
2015-10-28 18:07:21,867 [65] DEBUG StaticLogger.Logger - new user ID:127 test2@mail.com was added successfully
2015-10-28 18:07:21,867 [65] DEBUG StaticLogger.Logger - new user test2@mail.com has registered
2015-10-28 18:07:23,236 [59] DEBUG StaticLogger.Logger - user ID:127 test2@mail.com logged in
2015-10-28 18:07:23,251 [62] DEBUG StaticLogger.Logger - newsfeed page displayed for user 127 test2@mail.com
2015-10-28 18:08:44,100 [59] DEBUG StaticLogger.Logger - newsfeed page displayed for user 1 vladg@gmail.com
2015-10-28 18:11:35,838 [59] DEBUG StaticLogger.Logger - user ID:127 test2@mail.com logged in
2015-10-28 18:11:35,849 [78] DEBUG StaticLogger.Logger - newsfeed page displayed for user 127 test2@mail.com
2015-10-28 18:14:11,054 [59] DEBUG StaticLogger.Logger - user ID:127 test2@mail.com logged in
2015-10-28 18:14:11,068 [77] DEBUG StaticLogger.Logger - newsfeed page displayed for user 127 test2@mail.com
2015-10-28 18:14:12,429 [64] DEBUG StaticLogger.Logger - user ID:127 test2@mail.com added a new tweet ID:273
2015-10-28 18:14:12,429 [64] DEBUG StaticLogger.Logger - user ID:127 test2@mail.com added new tweet from newsfeed page
2015-10-28 18:14:17,367 [77] DEBUG StaticLogger.Logger - all users are displayed for ID:127 test2@mail.com
2015-10-28 18:14:40,513 [77] DEBUG StaticLogger.Logger - all users are displayed for ID:127 test2@mail.com
2015-10-28 18:14:41,034 [62] DEBUG StaticLogger.Logger - newsfeed page displayed for user 127 test2@mail.com
2015-10-28 18:16:28,056 [69] DEBUG StaticLogger.Logger - user ID:127 test2@mail.com logged in
2015-10-28 18:16:28,078 [62] DEBUG StaticLogger.Logger - newsfeed page displayed for user 127 test2@mail.com
2015-10-28 18:16:29,466 [70] DEBUG StaticLogger.Logger - user ID:127 test2@mail.com added a new tweet ID:274
2015-10-28 18:16:29,466 [70] DEBUG StaticLogger.Logger - user ID:127 test2@mail.com added new tweet from newsfeed page
2015-10-28 18:16:29,660 [77] DEBUG StaticLogger.Logger - all users are displayed for ID:127 test2@mail.com
2015-10-28 18:16:43,070 [73] DEBUG StaticLogger.Logger - newsfeed page displayed for user 127 test2@mail.com
2015-10-28 18:19:55,211 [71] DEBUG StaticLogger.Logger - user ID:127 test2@mail.com logged in
2015-10-28 18:19:55,236 [72] DEBUG StaticLogger.Logger - newsfeed page displayed for user 127 test2@mail.com
2015-10-28 18:19:56,253 [73] DEBUG StaticLogger.Logger - user ID:127 test2@mail.com added a new tweet ID:275
2015-10-28 18:19:56,254 [73] DEBUG StaticLogger.Logger - user ID:127 test2@mail.com added new tweet from newsfeed page
2015-10-28 18:19:56,466 [70] DEBUG StaticLogger.Logger - newsfeed page displayed for user 127 test2@mail.com
2015-10-28 18:20:44,403 [75] DEBUG StaticLogger.Logger - user ID:127 test2@mail.com logged in
2015-10-28 18:20:44,423 [77] DEBUG StaticLogger.Logger - newsfeed page displayed for user 127 test2@mail.com
2015-10-28 18:20:45,444 [71] DEBUG StaticLogger.Logger - user ID:127 test2@mail.com added a new tweet ID:276
2015-10-28 18:20:45,444 [71] DEBUG StaticLogger.Logger - user ID:127 test2@mail.com added new tweet from newsfeed page
2015-10-28 18:20:48,246 [75] DEBUG StaticLogger.Logger - newsfeed page displayed for user 127 test2@mail.com
2015-10-28 18:21:19,474 [59] DEBUG StaticLogger.Logger - user ID:127 test2@mail.com logged in
2015-10-28 18:21:19,496 [73] DEBUG StaticLogger.Logger - newsfeed page displayed for user 127 test2@mail.com
2015-10-28 18:21:20,540 [72] DEBUG StaticLogger.Logger - user ID:127 test2@mail.com added a new tweet ID:277
2015-10-28 18:21:20,540 [72] DEBUG StaticLogger.Logger - user ID:127 test2@mail.com added new tweet from newsfeed page
2015-10-28 18:21:20,719 [75] DEBUG StaticLogger.Logger - newsfeed page displayed for user 127 test2@mail.com
2015-10-28 18:21:44,099 [72] DEBUG StaticLogger.Logger - user ID:127 test2@mail.com logged in
2015-10-28 18:21:44,117 [72] DEBUG StaticLogger.Logger - newsfeed page displayed for user 127 test2@mail.com
2015-10-28 18:21:45,118 [70] DEBUG StaticLogger.Logger - user ID:127 test2@mail.com added a new tweet ID:278
2015-10-28 18:21:45,119 [70] DEBUG StaticLogger.Logger - user ID:127 test2@mail.com added new tweet from newsfeed page
2015-10-28 18:21:45,310 [77] DEBUG StaticLogger.Logger - newsfeed page displayed for user 127 test2@mail.com
2015-10-28 18:24:05,604 [62] DEBUG StaticLogger.Logger - user ID:127 test2@mail.com logged in
2015-10-28 18:24:05,633 [57] DEBUG StaticLogger.Logger - newsfeed page displayed for user 127 test2@mail.com
2015-10-28 18:24:07,029 [72] DEBUG StaticLogger.Logger - user ID:127 test2@mail.com added a new tweet ID:279
2015-10-28 18:24:07,029 [72] DEBUG StaticLogger.Logger - user ID:127 test2@mail.com added new tweet from newsfeed page
2015-10-28 18:24:07,219 [70] DEBUG StaticLogger.Logger - newsfeed page displayed for user 127 test2@mail.com
2015-10-28 18:25:42,909 [77] DEBUG StaticLogger.Logger - user ID:127 test2@mail.com logged in
2015-10-28 18:25:42,935 [72] DEBUG StaticLogger.Logger - newsfeed page displayed for user 127 test2@mail.com
2015-10-28 18:25:44,218 [71] DEBUG StaticLogger.Logger - user ID:127 test2@mail.com added a new tweet ID:280
2015-10-28 18:25:44,218 [71] DEBUG StaticLogger.Logger - user ID:127 test2@mail.com added new tweet from newsfeed page
2015-10-28 18:25:44,410 [59] DEBUG StaticLogger.Logger - newsfeed page displayed for user 127 test2@mail.com
2015-10-28 18:27:53,402 [73] DEBUG StaticLogger.Logger - user ID:127 test2@mail.com logged in
2015-10-28 18:27:53,432 [70] DEBUG StaticLogger.Logger - newsfeed page displayed for user 127 test2@mail.com
2015-10-28 18:27:54,314 [59] DEBUG StaticLogger.Logger - user ID:127 test2@mail.com added a new tweet ID:281
2015-10-28 18:27:54,315 [59] DEBUG StaticLogger.Logger - user ID:127 test2@mail.com added new tweet from newsfeed page
2015-10-28 18:27:54,516 [72] DEBUG StaticLogger.Logger - newsfeed page displayed for user 127 test2@mail.com
2015-10-28 18:29:24,003 [62] DEBUG StaticLogger.Logger - newsfeed page displayed for user 1 vladg@gmail.com
2015-10-28 18:34:30,985 [71] DEBUG StaticLogger.Logger - user ID:127 test2@mail.com logged in
2015-10-28 18:34:31,015 [59] DEBUG StaticLogger.Logger - newsfeed page displayed for user 127 test2@mail.com
2015-10-28 18:34:32,346 [75] DEBUG StaticLogger.Logger - user ID:127 test2@mail.com added a new tweet ID:282
2015-10-28 18:34:32,346 [75] DEBUG StaticLogger.Logger - user ID:127 test2@mail.com added new tweet from newsfeed page
2015-10-28 18:34:32,555 [72] DEBUG StaticLogger.Logger - newsfeed page displayed for user 127 test2@mail.com
2015-10-28 18:34:41,692 [71] DEBUG StaticLogger.Logger - user 127 test2@mail.com entered on his userpage
2015-10-28 18:34:43,355 [59] DEBUG StaticLogger.Logger - user ID:127 test2@mail.com deleted a tweet ID:282
2015-10-28 18:34:43,656 [70] DEBUG StaticLogger.Logger - user ID:127 test2@mail.com deleted a tweet ID:281
2015-10-28 18:34:43,814 [73] DEBUG StaticLogger.Logger - user ID:127 test2@mail.com deleted a tweet ID:280
2015-10-28 18:34:44,005 [57] DEBUG StaticLogger.Logger - user ID:127 test2@mail.com deleted a tweet ID:279
2015-10-28 18:34:44,147 [62] DEBUG StaticLogger.Logger - user ID:127 test2@mail.com deleted a tweet ID:278
2015-10-28 18:34:44,296 [59] DEBUG StaticLogger.Logger - user ID:127 test2@mail.com deleted a tweet ID:277
2015-10-28 18:34:44,480 [77] DEBUG StaticLogger.Logger - user ID:127 test2@mail.com deleted a tweet ID:276
2015-10-28 18:34:44,695 [70] DEBUG StaticLogger.Logger - user ID:127 test2@mail.com deleted a tweet ID:275
2015-10-28 18:34:44,838 [57] DEBUG StaticLogger.Logger - user ID:127 test2@mail.com deleted a tweet ID:274
2015-10-28 18:34:44,997 [62] DEBUG StaticLogger.Logger - user ID:127 test2@mail.com deleted a tweet ID:273
2015-10-28 18:34:46,331 [71] DEBUG StaticLogger.Logger - newsfeed page displayed for user 127 test2@mail.com
2015-10-28 18:34:48,293 [73] DEBUG StaticLogger.Logger - user 127 test2@mail.com entered on his userpage
2015-10-28 18:34:49,674 [75] DEBUG StaticLogger.Logger - newsfeed page displayed for user 127 test2@mail.com
2015-10-28 18:35:27,545 [70] DEBUG StaticLogger.Logger - newsfeed page displayed for user 127 test2@mail.com
2015-10-28 18:36:15,367 [72] DEBUG StaticLogger.Logger - newsfeed page displayed for user 127 test2@mail.com
2015-10-28 18:36:28,105 [59] DEBUG StaticLogger.Logger - newsfeed page displayed for user 127 test2@mail.com
2015-10-28 18:37:15,177 [70] DEBUG StaticLogger.Logger - user ID:127 test2@mail.com logged in
2015-10-28 18:37:15,247 [70] DEBUG StaticLogger.Logger - newsfeed page displayed for user 127 test2@mail.com
2015-10-28 18:37:16,964 [73] DEBUG StaticLogger.Logger - user ID:127 test2@mail.com added a new tweet ID:283
2015-10-28 18:37:16,964 [73] DEBUG StaticLogger.Logger - user ID:127 test2@mail.com added new tweet from newsfeed page
2015-10-28 18:37:17,109 [59] DEBUG StaticLogger.Logger - newsfeed page displayed for user 127 test2@mail.com
2015-10-28 18:37:59,672 [72] DEBUG StaticLogger.Logger - newsfeed page displayed for user 127 test2@mail.com
2015-10-28 18:38:07,153 [77] DEBUG StaticLogger.Logger - newsfeed page displayed for user 127 test2@mail.com
2015-10-28 18:38:16,211 [59] DEBUG StaticLogger.Logger - newsfeed page displayed for user 127 test2@mail.com
2015-10-28 18:38:59,818 [59] DEBUG StaticLogger.Logger - newsfeed page displayed for user 127 test2@mail.com
2015-10-28 18:39:02,930 [71] DEBUG StaticLogger.Logger - all users are displayed for ID:127 test2@mail.com
2015-10-28 18:39:04,018 [70] DEBUG StaticLogger.Logger - user 127 test2@mail.com entered on his userpage
2015-10-28 18:39:07,545 [77] DEBUG StaticLogger.Logger - newsfeed page displayed for user 127 test2@mail.com
2015-10-28 18:42:41,450 [67] DEBUG StaticLogger.Logger - user ID:127 test2@mail.com logged in
2015-10-28 18:42:41,468 [75] DEBUG StaticLogger.Logger - newsfeed page displayed for user 127 test2@mail.com
2015-10-28 18:42:42,674 [62] DEBUG StaticLogger.Logger - user ID:127 test2@mail.com added a new tweet ID:284
2015-10-28 18:42:42,675 [62] DEBUG StaticLogger.Logger - user ID:127 test2@mail.com added new tweet from newsfeed page
2015-10-28 18:42:42,930 [67] DEBUG StaticLogger.Logger - newsfeed page displayed for user 127 test2@mail.com
2015-10-28 18:42:47,896 [71] DEBUG StaticLogger.Logger - user 127 test2@mail.com entered on his userpage
2015-10-28 18:42:52,831 [67] DEBUG StaticLogger.Logger - all users are displayed for ID:127 test2@mail.com
2015-10-28 18:42:55,668 [77] DEBUG StaticLogger.Logger - newsfeed page displayed for user 127 test2@mail.com
2015-10-28 18:43:03,827 [62] DEBUG StaticLogger.Logger - user  ID:127 test2@mail.com has entered on his own profile
2015-10-28 18:44:23,934 [67] DEBUG StaticLogger.Logger - user  ID:127 test2@mail.com has entered on his own profile
2015-10-28 18:44:35,234 [71] DEBUG StaticLogger.Logger - user  ID:127 test2@mail.com has entered on his own profile
2015-10-28 18:45:08,356 [67] DEBUG StaticLogger.Logger - user  ID:127 test2@mail.com has entered on his own profile
2015-10-28 18:45:21,472 [70] DEBUG StaticLogger.Logger - user  ID:127 test2@mail.com has entered on his own profile
2015-10-28 18:45:47,869 [62] DEBUG StaticLogger.Logger - user  ID:127 test2@mail.com has entered on his own profile
2015-10-28 18:45:57,305 [56] DEBUG StaticLogger.Logger - user  ID:127 test2@mail.com has entered on his own profile
2015-10-28 18:46:53,818 [56] DEBUG StaticLogger.Logger - user  ID:127 test2@mail.com has entered on his own profile
2015-10-28 18:47:30,855 [67] DEBUG StaticLogger.Logger - user  ID:127 test2@mail.com has entered on his own profile
2015-10-28 18:47:48,691 [62] DEBUG StaticLogger.Logger - user  ID:127 test2@mail.com has entered on his own profile
2015-10-28 18:48:29,652 [60] DEBUG StaticLogger.Logger - user  ID:127 test2@mail.com has entered on his own profile
2015-10-28 18:48:57,177 [60] DEBUG StaticLogger.Logger - user ID:1 vladg@gmail.com logged in
2015-10-28 18:48:57,361 [67] DEBUG StaticLogger.Logger - newsfeed page displayed for user 1 vladg@gmail.com
2015-10-28 18:48:59,248 [67] DEBUG StaticLogger.Logger - user  ID:1 vladg@gmail.com has entered on his own profile
2015-10-28 18:49:32,902 [67] DEBUG StaticLogger.Logger - user  ID:1 vladg@gmail.com has entered on his own profile
2015-10-28 18:50:42,982 [69] DEBUG StaticLogger.Logger - user  ID:1 vladg@gmail.com has entered on his own profile
2015-10-28 18:51:05,750 [74] DEBUG StaticLogger.Logger - user  ID:1 vladg@gmail.com has entered on his own profile
2015-10-28 18:51:56,572 [74] DEBUG StaticLogger.Logger - user  ID:1 vladg@gmail.com has entered on his own profile
2015-10-28 21:45:58,643 [5] ERROR StaticLogger.Logger - System.Data.EntityException: Произошла ошибка базового поставщика в Open. ---> System.Data.SqlClient.SqlException: При установлении соединения с SQL Server произошла ошибка, связанная с сетью или с определенным экземпляром. Сервер не найден или недоступен. Убедитесь, что имя экземпляра указано правильно и что на SQL Server разрешены удаленные соединения. (provider: Named Pipes Provider, error: 40 - Не удалось открыть подключение к SQL Server) ---> System.ComponentModel.Win32Exception: Не найдено сетевое имя
   --- Конец трассировки внутреннего стека исключений ---
   в System.Data.SqlClient.SqlInternalConnection.OnError(SqlException exception, Boolean breakConnection, Action`1 wrapCloseInAction)
   в System.Data.SqlClient.TdsParser.ThrowExceptionAndWarning(TdsParserStateObject stateObj, Boolean callerHasConnectionLock, Boolean asyncClose)
   в System.Data.SqlClient.TdsParser.Connect(ServerInfo serverInfo, SqlInternalConnectionTds connHandler, Boolean ignoreSniOpenTimeout, Int64 timerExpire, Boolean encrypt, Boolean trustServerCert, Boolean integratedSecurity, Boolean withFailover, SqlAuthenticationMethod authType)
   в System.Data.SqlClient.SqlInternalConnectionTds.AttemptOneLogin(ServerInfo serverInfo, String newPassword, SecureString newSecurePassword, Boolean ignoreSniOpenTimeout, TimeoutTimer timeout, Boolean withFailover)
   в System.Data.SqlClient.SqlInternalConnectionTds.LoginNoFailover(ServerInfo serverInfo, String newPassword, SecureString newSecurePassword, Boolean redirectedUserInstance, SqlConnectionString connectionOptions, SqlCredential credential, TimeoutTimer timeout)
   в System.Data.SqlClient.SqlInternalConnectionTds.OpenLoginEnlist(TimeoutTimer timeout, SqlConnectionString connectionOptions, SqlCredential credential, String newPassword, SecureString newSecurePassword, Boolean redirectedUserInstance)
   в System.Data.SqlClient.SqlInternalConnectionTds..ctor(DbConnectionPoolIdentity identity, SqlConnectionString connectionOptions, SqlCredential credential, Object providerInfo, String newPassword, SecureString newSecurePassword, Boolean redirectedUserInstance, SqlConnectionString userConnectionOptions, SessionData reconnectSessionData, DbConnectionPool pool, String accessToken)
   в System.Data.SqlClient.SqlConnectionFactory.CreateConnection(DbConnectionOptions options, DbConnectionPoolKey poolKey, Object poolGroupProviderInfo, DbConnectionPool pool, DbConnection owningConnection, DbConnectionOptions userOptions)
   в System.Data.ProviderBase.DbConnectionFactory.CreatePooledConnection(DbConnectionPool pool, DbConnection owningObject, DbConnectionOptions options, DbConnectionPoolKey poolKey, DbConnectionOptions userOptions)
   в System.Data.ProviderBase.DbConnectionPool.CreateObject(DbConnection owningObject, DbConnectionOptions userOptions, DbConnectionInternal oldConnection)
   в System.Data.ProviderBase.DbConnectionPool.UserCreateRequest(DbConnection owningObject, DbConnectionOptions userOptions, DbConnectionInternal oldConnection)
   в System.Data.ProviderBase.DbConnectionPool.TryGetConnection(DbConnection owningObject, UInt32 waitForMultipleObjectsTimeout, Boolean allowCreate, Boolean onlyOneCheckConnection, DbConnectionOptions userOptions, DbConnectionInternal& connection)
   в System.Data.ProviderBase.DbConnectionPool.TryGetConnection(DbConnection owningObject, TaskCompletionSource`1 retry, DbConnectionOptions userOptions, DbConnectionInternal& connection)
   в System.Data.ProviderBase.DbConnectionFactory.TryGetConnection(DbConnection owningConnection, TaskCompletionSource`1 retry, DbConnectionOptions userOptions, DbConnectionInternal oldConnection, DbConnectionInternal& connection)
   в System.Data.ProviderBase.DbConnectionInternal.TryOpenConnectionInternal(DbConnection outerConnection, DbConnectionFactory connectionFactory, TaskCompletionSource`1 retry, DbConnectionOptions userOptions)
   в System.Data.ProviderBase.DbConnectionClosed.TryOpenConnection(DbConnection outerConnection, DbConnectionFactory connectionFactory, TaskCompletionSource`1 retry, DbConnectionOptions userOptions)
   в System.Data.SqlClient.SqlConnection.TryOpenInner(TaskCompletionSource`1 retry)
   в System.Data.SqlClient.SqlConnection.TryOpen(TaskCompletionSource`1 retry)
   в System.Data.SqlClient.SqlConnection.Open()
   в System.Data.EntityClient.EntityConnection.OpenStoreConnectionIf(Boolean openCondition, DbConnection storeConnectionToOpen, DbConnection originalConnection, String exceptionCode, String attemptedOperation, Boolean& closeStoreConnectionOnFailure)
   --- Конец трассировки внутреннего стека исключений ---
   в System.Data.EntityClient.EntityConnection.OpenStoreConnectionIf(Boolean openCondition, DbConnection storeConnectionToOpen, DbConnection originalConnection, String exceptionCode, String attemptedOperation, Boolean& closeStoreConnectionOnFailure)
   в System.Data.EntityClient.EntityConnection.Open()
   в System.Data.Objects.ObjectContext.EnsureConnection()
   в System.Data.Objects.ObjectQuery`1.GetResults(Nullable`1 forMergeOption)
   в System.Data.Objects.ObjectQuery`1.System.Collections.Generic.IEnumerable<T>.GetEnumerator()
   в System.Data.Entity.Internal.Linq.InternalQuery`1.GetEnumerator()
   в System.Data.Entity.Internal.Linq.InternalSet`1.GetEnumerator()
   в System.Data.Entity.Infrastructure.DbQuery`1.System.Collections.Generic.IEnumerable<TResult>.GetEnumerator()
   в System.Collections.Generic.List`1..ctor(IEnumerable`1 collection)
   в System.Linq.Enumerable.ToList[TSource](IEnumerable`1 source)
   в DAL.UserDao.GetList() в e:\IT\Endava\GIT\team04\Twitter\DAL\Dao\imp\UserDao.cs:строка 17
   в Services.UserService.IsEmailAndPassCorrect(LogInUserViewModel model) в e:\IT\Endava\GIT\team04\Twitter\Services\imp\UserService.cs:строка 58
2015-10-28 21:48:30,386 [7] DEBUG StaticLogger.Logger - new user ID:2 vladg@mail.ru was added successfully
2015-10-28 21:48:30,406 [7] DEBUG StaticLogger.Logger - new user vladg@mail.ru has registered
2015-10-28 21:48:34,741 [6] DEBUG StaticLogger.Logger - user ID:2 vladg@mail.ru logged in
2015-10-28 21:48:35,034 [7] DEBUG StaticLogger.Logger - newsfeed page displayed for user 2 vladg@mail.ru
2015-10-28 21:48:40,084 [7] DEBUG StaticLogger.Logger - user ID:2 vladg@mail.ru added a new tweet ID:1
2015-10-28 21:48:40,084 [7] DEBUG StaticLogger.Logger - user ID:2 vladg@mail.ru added new tweet from newsfeed page
2015-10-28 21:48:41,102 [6] DEBUG StaticLogger.Logger - user ID:2 vladg@mail.ru added a new tweet ID:2
2015-10-28 21:48:41,103 [6] DEBUG StaticLogger.Logger - user ID:2 vladg@mail.ru added new tweet from newsfeed page
2015-10-28 21:48:42,301 [14] DEBUG StaticLogger.Logger - user ID:2 vladg@mail.ru added a new tweet ID:3
2015-10-28 21:48:42,301 [14] DEBUG StaticLogger.Logger - user ID:2 vladg@mail.ru added new tweet from newsfeed page
2015-10-28 21:48:47,323 [6] DEBUG StaticLogger.Logger - user  ID:2 vladg@mail.ru has entered on his own profile
2015-10-28 21:48:57,014 [6] DEBUG StaticLogger.Logger - user 2 vladg@mail.ru entered on his userpage
2015-10-28 21:48:58,240 [10] DEBUG StaticLogger.Logger - all users are displayed for ID:2 vladg@mail.ru
2015-10-28 21:49:00,643 [7] DEBUG StaticLogger.Logger - newsfeed page displayed for user 2 vladg@mail.ru
2015-10-28 21:49:01,444 [10] DEBUG StaticLogger.Logger - all users are displayed for ID:2 vladg@mail.ru
2015-10-28 21:49:04,858 [6] DEBUG StaticLogger.Logger - all users are displayed for ID:2 vladg@mail.ru
2015-10-28 21:49:05,467 [10] DEBUG StaticLogger.Logger - user 2 vladg@mail.ru entered on his userpage
2015-10-28 21:49:07,204 [6] DEBUG StaticLogger.Logger - all users are displayed for ID:2 vladg@mail.ru
2015-10-28 21:49:07,993 [10] DEBUG StaticLogger.Logger - newsfeed page displayed for user 2 vladg@mail.ru
2015-10-28 21:49:11,200 [6] DEBUG StaticLogger.Logger - user 2 vladg@mail.ru entered on his userpage
2015-10-28 21:49:11,682 [14] DEBUG StaticLogger.Logger - newsfeed page displayed for user 2 vladg@mail.ru
2015-10-28 21:49:14,227 [6] DEBUG StaticLogger.Logger - newsfeed page displayed for user 2 vladg@mail.ru
2015-10-28 21:49:16,901 [6] DEBUG StaticLogger.Logger - user  ID:2 vladg@mail.ru has entered on his own profile
2015-10-28 21:51:09,090 [17] DEBUG StaticLogger.Logger - user  ID:2 vladg@mail.ru has entered on his own profile
2015-10-28 21:52:40,412 [6] DEBUG StaticLogger.Logger - user  ID:2 vladg@mail.ru has entered on his own profile
2015-10-28 21:53:33,956 [7] DEBUG StaticLogger.Logger - user  ID:2 vladg@mail.ru has entered on his own profile
2015-10-28 21:53:45,164 [25] DEBUG StaticLogger.Logger - user  ID:2 vladg@mail.ru has entered on his own profile
2015-10-28 21:53:52,104 [7] DEBUG StaticLogger.Logger - user  ID:2 vladg@mail.ru has entered on his own profile
2015-10-28 21:53:57,635 [7] DEBUG StaticLogger.Logger - user  ID:2 vladg@mail.ru has entered on his own profile
2015-10-28 21:53:58,831 [25] DEBUG StaticLogger.Logger - user  ID:2 vladg@mail.ru has entered on his own profile
2015-10-28 21:53:59,266 [17] DEBUG StaticLogger.Logger - user  ID:2 vladg@mail.ru has entered on his own profile
2015-10-28 21:54:04,764 [17] DEBUG StaticLogger.Logger - user  ID:2 vladg@mail.ru has entered on his own profile
2015-10-28 21:54:41,230 [19] DEBUG StaticLogger.Logger - user  ID:2 vladg@mail.ru has entered on his own profile
2015-10-28 21:55:11,441 [7] DEBUG StaticLogger.Logger - user  ID:2 vladg@mail.ru has entered on his own profile
2015-10-28 21:55:19,834 [24] DEBUG StaticLogger.Logger - user  ID:2 vladg@mail.ru has entered on his own profile
2015-10-28 21:55:29,744 [17] DEBUG StaticLogger.Logger - user  ID:2 vladg@mail.ru has entered on his own profile
2015-10-28 21:55:37,224 [25] DEBUG StaticLogger.Logger - user  ID:2 vladg@mail.ru has entered on his own profile
2015-10-28 21:55:44,252 [24] DEBUG StaticLogger.Logger - user  ID:2 vladg@mail.ru has entered on his own profile
2015-10-28 21:56:19,018 [17] DEBUG StaticLogger.Logger - user  ID:2 vladg@mail.ru has entered on his own profile
2015-10-28 21:56:20,148 [27] DEBUG StaticLogger.Logger - user  ID:2 vladg@mail.ru has entered on his own profile
2015-10-28 21:56:41,589 [19] DEBUG StaticLogger.Logger - user ID:2 vladg@mail.ru logged in
2015-10-28 21:56:41,651 [24] DEBUG StaticLogger.Logger - newsfeed page displayed for user 2 vladg@mail.ru
2015-10-28 21:56:42,796 [17] DEBUG StaticLogger.Logger - user  ID:2 vladg@mail.ru has entered on his own profile
2015-10-28 21:56:58,663 [25] DEBUG StaticLogger.Logger - user  ID:2 vladg@mail.ru has entered on his own profile
2015-10-28 21:58:26,420 [14] DEBUG StaticLogger.Logger - user  ID:2 vladg@mail.ru has entered on his own profile
2015-10-28 21:58:34,556 [25] DEBUG StaticLogger.Logger - user  ID:2 vladg@mail.ru has entered on his own profile
2015-10-28 21:59:01,465 [14] DEBUG StaticLogger.Logger - user  ID:2 vladg@mail.ru has entered on his own profile
2015-10-28 21:59:10,528 [14] DEBUG StaticLogger.Logger - user  ID:2 vladg@mail.ru has entered on his own profile
2015-10-28 21:59:37,076 [25] DEBUG StaticLogger.Logger - user  ID:2 vladg@mail.ru has entered on his own profile
2015-10-28 22:01:16,386 [29] DEBUG StaticLogger.Logger - user  ID:2 vladg@mail.ru has entered on his own profile
2015-10-28 22:02:04,757 [14] DEBUG StaticLogger.Logger - user  ID:2 vladg@mail.ru has entered on his own profile
2015-10-28 22:02:56,117 [29] DEBUG StaticLogger.Logger - user  ID:2 vladg@mail.ru has entered on his own profile
2015-10-28 22:03:06,369 [29] DEBUG StaticLogger.Logger - user  ID:2 vladg@mail.ru has entered on his own profile
2015-10-28 22:10:57,531 [31] DEBUG StaticLogger.Logger - new user ID:3 1@mail.ru was added successfully
2015-10-28 22:10:57,537 [31] DEBUG StaticLogger.Logger - new user 1@mail.ru has registered
2015-10-28 22:11:01,683 [41] DEBUG StaticLogger.Logger - user ID:3 1@mail.ru logged in
2015-10-28 22:11:01,738 [31] DEBUG StaticLogger.Logger - newsfeed page displayed for user 3 1@mail.ru
2015-10-28 22:11:03,248 [31] DEBUG StaticLogger.Logger - all users are displayed for ID:3 1@mail.ru
2015-10-28 22:11:05,214 [31] DEBUG StaticLogger.Logger - information about user ID:2 vladg@mail.ru are displayed
2015-10-28 22:11:13,158 [31] DEBUG StaticLogger.Logger - newsfeed page displayed for user 3 1@mail.ru
2015-10-28 22:11:15,840 [31] DEBUG StaticLogger.Logger - all users are displayed for ID:3 1@mail.ru
2015-10-28 22:11:23,188 [31] DEBUG StaticLogger.Logger - A new follow pair created with publisherId 2 and subscriberId 3
2015-10-28 22:11:23,188 [31] DEBUG StaticLogger.Logger - user ID:3 now follows user ID:2
2015-10-28 22:11:26,401 [31] DEBUG StaticLogger.Logger - information about user ID:2 vladg@mail.ru are displayed
2015-10-28 22:11:28,790 [31] DEBUG StaticLogger.Logger - information about user ID:2 vladg@mail.ru are displayed
2015-10-28 22:11:30,797 [31] DEBUG StaticLogger.Logger - all users are displayed for ID:3 1@mail.ru
2015-10-28 22:11:31,854 [41] DEBUG StaticLogger.Logger - all users are displayed for ID:3 1@mail.ru
2015-10-28 22:11:32,839 [36] DEBUG StaticLogger.Logger - information about user ID:2 vladg@mail.ru are displayed
2015-10-28 22:11:34,721 [36] DEBUG StaticLogger.Logger - newsfeed page displayed for user 3 1@mail.ru
2015-10-28 22:11:35,254 [41] DEBUG StaticLogger.Logger - all users are displayed for ID:3 1@mail.ru
2015-10-28 22:11:36,432 [31] DEBUG StaticLogger.Logger - information about user ID:2 vladg@mail.ru are displayed
2015-10-28 22:11:36,968 [41] DEBUG StaticLogger.Logger - all users are displayed for ID:3 1@mail.ru
2015-10-28 22:11:38,230 [31] DEBUG StaticLogger.Logger - information about user ID:2 vladg@mail.ru are displayed
2015-10-28 22:11:38,919 [41] DEBUG StaticLogger.Logger - A new follow pair deleted with publisherId 2 and subscriberId 3
2015-10-28 22:11:40,198 [31] DEBUG StaticLogger.Logger - A new follow pair created with publisherId 2 and subscriberId 3
2015-10-28 22:11:40,198 [31] DEBUG StaticLogger.Logger - user ID:3 now follows user ID:2
2015-10-28 22:11:41,135 [31] DEBUG StaticLogger.Logger - all users are displayed for ID:3 1@mail.ru
2015-10-28 22:11:43,032 [31] DEBUG StaticLogger.Logger - user 3 1@mail.ru entered on his userpage
2015-10-28 22:11:46,558 [31] DEBUG StaticLogger.Logger - user  ID:3 1@mail.ru has entered on his own profile
2015-10-28 22:12:22,342 [31] DEBUG StaticLogger.Logger - user  ID:3 1@mail.ru has entered on his own profile
2015-10-28 22:12:31,904 [31] ERROR StaticLogger.Logger - Метод или операция не реализована.
2015-10-28 22:12:35,109 [36] DEBUG StaticLogger.Logger - user ID:3 1@mail.ru logged in
2015-10-28 22:12:35,129 [41] DEBUG StaticLogger.Logger - newsfeed page displayed for user 3 1@mail.ru
2015-10-28 22:12:42,198 [36] DEBUG StaticLogger.Logger - user  ID:3 1@mail.ru has entered on his own profile
2015-10-28 22:12:45,023 [36] ERROR StaticLogger.Logger - Метод или операция не реализована.
2015-10-28 22:13:24,803 [36] DEBUG StaticLogger.Logger - user ID:3 1@mail.ru logged in
2015-10-28 22:13:24,861 [41] DEBUG StaticLogger.Logger - newsfeed page displayed for user 3 1@mail.ru
2015-10-28 22:13:30,777 [36] DEBUG StaticLogger.Logger - user  ID:3 1@mail.ru has entered on his own profile
2015-10-28 22:13:32,070 [43] ERROR StaticLogger.Logger - Метод или операция не реализована.
2015-10-28 22:13:34,645 [43] DEBUG StaticLogger.Logger - user ID:3 1@mail.ru logged in
2015-10-28 22:13:34,663 [36] DEBUG StaticLogger.Logger - newsfeed page displayed for user 3 1@mail.ru
2015-10-28 22:13:36,414 [36] DEBUG StaticLogger.Logger - user  ID:3 1@mail.ru has entered on his own profile
2015-10-28 22:13:37,573 [41] ERROR StaticLogger.Logger - Метод или операция не реализована.
2015-10-28 22:13:39,964 [42] DEBUG StaticLogger.Logger - user ID:3 1@mail.ru logged in
2015-10-28 22:13:39,981 [36] DEBUG StaticLogger.Logger - newsfeed page displayed for user 3 1@mail.ru
2015-10-28 22:13:53,374 [41] DEBUG StaticLogger.Logger - user  ID:3 1@mail.ru has entered on his own profile
2015-10-28 22:13:58,226 [42] ERROR StaticLogger.Logger - Метод или операция не реализована.
2015-10-28 22:14:17,957 [41] DEBUG StaticLogger.Logger - user ID:3 1@mail.ru logged in
2015-10-28 22:14:17,975 [42] DEBUG StaticLogger.Logger - newsfeed page displayed for user 3 1@mail.ru
2015-10-28 22:15:09,563 [41] DEBUG StaticLogger.Logger - newsfeed page displayed for user 3 1@mail.ru
2015-10-28 22:15:11,975 [41] DEBUG StaticLogger.Logger - user  ID:3 1@mail.ru has entered on his own profile
2015-10-28 22:15:22,375 [43] ERROR StaticLogger.Logger - Метод или операция не реализована.
2015-10-28 22:16:02,156 [41] DEBUG StaticLogger.Logger - user ID:3 1@mail.ru logged in
2015-10-28 22:16:02,175 [42] DEBUG StaticLogger.Logger - newsfeed page displayed for user 3 1@mail.ru
2015-10-28 22:16:04,165 [41] DEBUG StaticLogger.Logger - user  ID:3 1@mail.ru has entered on his own profile
2015-10-28 22:16:53,840 [42] ERROR StaticLogger.Logger - Метод или операция не реализована.
2015-10-28 22:19:11,458 [41] DEBUG StaticLogger.Logger - user ID:3 1@mail.ru logged in
2015-10-28 22:19:11,519 [42] DEBUG StaticLogger.Logger - newsfeed page displayed for user 3 1@mail.ru
2015-10-28 22:19:13,617 [41] DEBUG StaticLogger.Logger - user  ID:3 1@mail.ru has entered on his own profile
2015-10-28 22:19:18,778 [43] ERROR StaticLogger.Logger - При обновлении записей произошла ошибка. Подробные сведения см. во внутреннем исключении.
2015-10-28 22:19:24,429 [43] DEBUG StaticLogger.Logger - user ID:3 1@mail.ru logged in
2015-10-28 22:19:24,445 [39] DEBUG StaticLogger.Logger - newsfeed page displayed for user 3 1@mail.ru
2015-10-28 22:19:26,084 [43] DEBUG StaticLogger.Logger - user  ID:3 1@mail.ru has entered on his own profile
2015-10-28 22:20:10,492 [43] ERROR StaticLogger.Logger - При обновлении записей произошла ошибка. Подробные сведения см. во внутреннем исключении.
2015-10-28 22:20:47,525 [43] DEBUG StaticLogger.Logger - user ID:3 1@mail.ru logged in
2015-10-28 22:20:47,599 [39] DEBUG StaticLogger.Logger - newsfeed page displayed for user 3 1@mail.ru
2015-10-28 22:20:50,088 [43] DEBUG StaticLogger.Logger - user  ID:3 1@mail.ru has entered on his own profile
2015-10-28 22:20:53,391 [35] ERROR StaticLogger.Logger - При обновлении записей произошла ошибка. Подробные сведения см. во внутреннем исключении.
2015-10-28 22:20:58,852 [43] DEBUG StaticLogger.Logger - user ID:3 1@mail.ru logged in
2015-10-28 22:20:58,867 [43] DEBUG StaticLogger.Logger - newsfeed page displayed for user 3 1@mail.ru
2015-10-28 22:21:01,846 [43] DEBUG StaticLogger.Logger - user  ID:3 1@mail.ru has entered on his own profile
2015-10-28 22:21:57,211 [34] ERROR StaticLogger.Logger - При обновлении записей произошла ошибка. Подробные сведения см. во внутреннем исключении.
2015-10-28 22:23:33,564 [39] DEBUG StaticLogger.Logger - user ID:3 1@mail.ru logged in
2015-10-28 22:23:33,620 [34] DEBUG StaticLogger.Logger - newsfeed page displayed for user 3 1@mail.ru
2015-10-28 22:23:35,185 [39] DEBUG StaticLogger.Logger - user  ID:3 1@mail.ru has entered on his own profile
2015-10-28 22:24:03,566 [26] ERROR StaticLogger.Logger - При обновлении записей произошла ошибка. Подробные сведения см. во внутреннем исключении.
2015-10-28 22:28:19,531 [45] DEBUG StaticLogger.Logger - user ID:3 1@mail.ru logged in
2015-10-28 22:28:19,591 [34] DEBUG StaticLogger.Logger - newsfeed page displayed for user 3 1@mail.ru
2015-10-28 22:28:23,060 [34] DEBUG StaticLogger.Logger - user  ID:3 1@mail.ru has entered on his own profile
2015-10-28 22:28:34,917 [31] ERROR StaticLogger.Logger - При обновлении записей произошла ошибка. Подробные сведения см. во внутреннем исключении.
2015-10-28 22:28:47,120 [34] DEBUG StaticLogger.Logger - user ID:3 1@mail.ru logged in
2015-10-28 22:28:47,138 [45] DEBUG StaticLogger.Logger - newsfeed page displayed for user 3 1@mail.ru
2015-10-28 22:28:48,470 [37] DEBUG StaticLogger.Logger - user  ID:3 1@mail.ru has entered on his own profile
2015-10-28 22:29:47,544 [34] ERROR StaticLogger.Logger - При обновлении записей произошла ошибка. Подробные сведения см. во внутреннем исключении.
2015-10-28 22:30:17,487 [45] DEBUG StaticLogger.Logger - user ID:3 1@mail.ru logged in
2015-10-28 22:30:17,544 [34] DEBUG StaticLogger.Logger - newsfeed page displayed for user 3 1@mail.ru
2015-10-28 22:30:19,361 [34] DEBUG StaticLogger.Logger - user  ID:3 1@mail.ru has entered on his own profile
2015-10-28 22:40:20,882 [44] DEBUG StaticLogger.Logger - user ID:3 1@mail.ru logged in
2015-10-28 22:40:20,951 [38] DEBUG StaticLogger.Logger - newsfeed page displayed for user 3 1@mail.ru
2015-10-28 22:40:22,626 [38] DEBUG StaticLogger.Logger - user  ID:3 1@mail.ru has entered on his own profile
2015-10-28 22:41:34,167 [44] DEBUG StaticLogger.Logger - newsfeed page displayed for user 3 1@mail.ru
2015-10-28 22:41:36,177 [38] DEBUG StaticLogger.Logger - user  ID:3 1@mail.ru has entered on his own profile
2015-10-28 22:42:34,039 [44] DEBUG StaticLogger.Logger - newsfeed page displayed for user 3 1@mail.ru
2015-10-28 22:42:37,377 [38] DEBUG StaticLogger.Logger - user  ID:3 1@mail.ru has entered on his own profile
2015-10-28 22:43:55,813 [40] DEBUG StaticLogger.Logger - user ID:3 1@mail.ru logged in
2015-10-28 22:43:55,874 [38] DEBUG StaticLogger.Logger - newsfeed page displayed for user 3 1@mail.ru
2015-10-28 22:44:13,815 [6] DEBUG StaticLogger.Logger - user ID:3 1@mail.ru logged in
2015-10-28 22:44:14,161 [7] DEBUG StaticLogger.Logger - newsfeed page displayed for user 3 1@mail.ru
2015-10-28 22:44:16,547 [7] DEBUG StaticLogger.Logger - user  ID:3 1@mail.ru has entered on his own profile
2015-10-28 22:44:19,224 [6] DEBUG StaticLogger.Logger - A new follow pair deleted with publisherId 2 and subscriberId 3
2015-10-28 22:44:22,071 [6] DEBUG StaticLogger.Logger - user ID:3 1@mail.ru was deleted successfully
